This file contains any messages produced by compilers while
running configure, to aid debugging if configure makes a mistake.

It was created by configure, which was
generated by GNU Autoconf 2.64.  Invocation command line was

  $ ./configure --target=petuchpc-elf

## --------- ##
## Platform. ##
## --------- ##

hostname = LAPTOP-9150051J
uname -m = x86_64
uname -r = 5.15.146.1-microsoft-standard-WSL2
uname -s = Linux
uname -v = #1 SMP Thu Jan 11 04:09:03 UTC 2024

/usr/bin/uname -p = unknown
/bin/uname -X     = unknown

/bin/arch              = unknown
/usr/bin/arch -k       = unknown
/usr/convex/getsysinfo = unknown
/usr/bin/hostinfo      = unknown
/bin/machine           = unknown
/usr/bin/oslevel       = unknown
/bin/universe          = unknown

PATH: /usr/local/sbin
PATH: /usr/local/bin
PATH: /usr/sbin
PATH: /usr/bin
PATH: /sbin
PATH: /bin
PATH: /usr/games
PATH: /usr/local/games
PATH: /usr/lib/wsl/lib
PATH: /mnt/c/ProgramData/Oracle/Java/javapath
PATH: /mnt/c/Program Files (x86)/Common Files/Oracle/Java/javapath
PATH: /mnt/c/WINDOWS/system32
PATH: /mnt/c/WINDOWS
PATH: /mnt/c/WINDOWS/System32/Wbem
PATH: /mnt/c/WINDOWS/System32/WindowsPowerShell/v1.0/
PATH: /mnt/c/WINDOWS/System32/OpenSSH/
PATH: /mnt/c/Program Files/Java/jdk1.8.0_131/bin
PATH: /mnt/c/HaxeToolkit/haxe
PATH: /mnt/c/HaxeToolkit/neko
PATH: /mnt/c/Program Files/Git/cmd
PATH: /mnt/c/Program Files/qemu
PATH: /mnt/c/Program Files/dotnet/
PATH: /mnt/c/Program Files/PuTTY/
PATH: /mnt/c/Program Files/WorldPainter
PATH: /mnt/c/adb
PATH: /mnt/c/Users/Дима/AppData/Local/Programs/Python/Python310/Scripts/
PATH: /mnt/c/Users/Дима/AppData/Local/Programs/Python/Python310/
PATH: /mnt/c/Python39/Scripts/
PATH: /mnt/c/Python39/
PATH: /mnt/c/Users/Дима/AppData/Local/Microsoft/WindowsApps
PATH: /mnt/c/cc65/bin
PATH: /mnt/c/MinGW/bin
PATH: /mnt/c/Users/Дима/AppData/Local/bin/NASM
PATH: /mnt/c/Users/Дима/AppData/Local/Programs/Microsoft VS Code/bin
PATH: /mnt/c/Program Files/JetBrains/IntelliJ IDEA Community Edition 2023.1/bin
PATH: /snap/bin


## ----------- ##
## Core tests. ##
## ----------- ##

configure:2237: checking build system type
configure:2251: result: x86_64-unknown-linux-gnu
configure:2298: checking host system type
configure:2311: result: x86_64-unknown-linux-gnu
configure:2331: checking target system type
configure:2344: result: petuchpc-unknown-elf
configure:2398: checking for a BSD-compatible install
configure:2466: result: /usr/bin/install -c
configure:2477: checking whether ln works
configure:2499: result: yes
configure:2503: checking whether ln -s works
configure:2507: result: yes
configure:2514: checking for a sed that does not truncate output
configure:2578: result: /bin/sed
configure:2587: checking for gawk
configure:2603: found /usr/bin/gawk
configure:2614: result: gawk
configure:3771: checking for gcc
configure:3787: found /usr/bin/gcc
configure:3798: result: gcc
configure:4027: checking for C compiler version
configure:4036: gcc --version >&5
gcc (Ubuntu 7.5.0-3ubuntu1~18.04) 7.5.0
Copyright (C) 2017 Free Software Foundation, Inc.
This is free software; see the source for copying conditions.  There is NO
warranty; not even for MERCHANTABILITY or FITNESS FOR A PARTICULAR PURPOSE.

configure:4047: $? = 0
configure:4036: gcc -v >&5
Using built-in specs.
COLLECT_GCC=gcc
COLLECT_LTO_WRAPPER=/usr/lib/gcc/x86_64-linux-gnu/7/lto-wrapper
OFFLOAD_TARGET_NAMES=nvptx-none
OFFLOAD_TARGET_DEFAULT=1
Target: x86_64-linux-gnu
Configured with: ../src/configure -v --with-pkgversion='Ubuntu 7.5.0-3ubuntu1~18.04' --with-bugurl=file:///usr/share/doc/gcc-7/README.Bugs --enable-languages=c,ada,c++,go,brig,d,fortran,objc,obj-c++ --prefix=/usr --with-gcc-major-version-only --program-suffix=-7 --program-prefix=x86_64-linux-gnu- --enable-shared --enable-linker-build-id --libexecdir=/usr/lib --without-included-gettext --enable-threads=posix --libdir=/usr/lib --enable-nls --enable-bootstrap --enable-clocale=gnu --enable-libstdcxx-debug --enable-libstdcxx-time=yes --with-default-libstdcxx-abi=new --enable-gnu-unique-object --disable-vtable-verify --enable-libmpx --enable-plugin --enable-default-pie --with-system-zlib --with-target-system-zlib --enable-objc-gc=auto --enable-multiarch --disable-werror --with-arch-32=i686 --with-abi=m64 --with-multilib-list=m32,m64,mx32 --enable-multilib --with-tune=generic --enable-offload-targets=nvptx-none --without-cuda-driver --enable-checking=release --build=x86_64-linux-gnu --host=x86_64-linux-gnu --target=x86_64-linux-gnu
Thread model: posix
gcc version 7.5.0 (Ubuntu 7.5.0-3ubuntu1~18.04) 
configure:4047: $? = 0
configure:4036: gcc -V >&5
gcc: error: unrecognized command line option '-V'
gcc: fatal error: no input files
compilation terminated.
configure:4047: $? = 1
configure:4036: gcc -qversion >&5
gcc: error: unrecognized command line option '-qversion'; did you mean '--version'?
gcc: fatal error: no input files
compilation terminated.
configure:4047: $? = 1
configure:4067: checking for C compiler default output file name
configure:4089: gcc    conftest.c  >&5
configure:4093: $? = 0
configure:4130: result: a.out
configure:4146: checking whether the C compiler works
configure:4155: ./a.out
configure:4159: $? = 0
configure:4174: result: yes
configure:4181: checking whether we are cross compiling
configure:4183: result: no
configure:4186: checking for suffix of executables
configure:4193: gcc -o conftest    conftest.c  >&5
configure:4197: $? = 0
configure:4219: result: 
configure:4225: checking for suffix of object files
configure:4247: gcc -c   conftest.c >&5
configure:4251: $? = 0
configure:4272: result: o
configure:4276: checking whether we are using the GNU C compiler
configure:4295: gcc -c   conftest.c >&5
configure:4295: $? = 0
configure:4304: result: yes
configure:4313: checking whether gcc accepts -g
configure:4333: gcc -c -g  conftest.c >&5
configure:4333: $? = 0
configure:4374: result: yes
configure:4391: checking for gcc option to accept ISO C89
configure:4455: gcc  -c -g -O2  conftest.c >&5
configure:4455: $? = 0
configure:4468: result: none needed
configure:4546: checking for g++
configure:4562: found /usr/bin/g++
configure:4573: result: g++
configure:4600: checking for C++ compiler version
configure:4609: g++ --version >&5
g++ (Ubuntu 7.5.0-3ubuntu1~18.04) 7.5.0
Copyright (C) 2017 Free Software Foundation, Inc.
This is free software; see the source for copying conditions.  There is NO
warranty; not even for MERCHANTABILITY or FITNESS FOR A PARTICULAR PURPOSE.

configure:4620: $? = 0
configure:4609: g++ -v >&5
Using built-in specs.
COLLECT_GCC=g++
COLLECT_LTO_WRAPPER=/usr/lib/gcc/x86_64-linux-gnu/7/lto-wrapper
OFFLOAD_TARGET_NAMES=nvptx-none
OFFLOAD_TARGET_DEFAULT=1
Target: x86_64-linux-gnu
Configured with: ../src/configure -v --with-pkgversion='Ubuntu 7.5.0-3ubuntu1~18.04' --with-bugurl=file:///usr/share/doc/gcc-7/README.Bugs --enable-languages=c,ada,c++,go,brig,d,fortran,objc,obj-c++ --prefix=/usr --with-gcc-major-version-only --program-suffix=-7 --program-prefix=x86_64-linux-gnu- --enable-shared --enable-linker-build-id --libexecdir=/usr/lib --without-included-gettext --enable-threads=posix --libdir=/usr/lib --enable-nls --enable-bootstrap --enable-clocale=gnu --enable-libstdcxx-debug --enable-libstdcxx-time=yes --with-default-libstdcxx-abi=new --enable-gnu-unique-object --disable-vtable-verify --enable-libmpx --enable-plugin --enable-default-pie --with-system-zlib --with-target-system-zlib --enable-objc-gc=auto --enable-multiarch --disable-werror --with-arch-32=i686 --with-abi=m64 --with-multilib-list=m32,m64,mx32 --enable-multilib --with-tune=generic --enable-offload-targets=nvptx-none --without-cuda-driver --enable-checking=release --build=x86_64-linux-gnu --host=x86_64-linux-gnu --target=x86_64-linux-gnu
Thread model: posix
gcc version 7.5.0 (Ubuntu 7.5.0-3ubuntu1~18.04) 
configure:4620: $? = 0
configure:4609: g++ -V >&5
g++: error: unrecognized command line option '-V'
g++: fatal error: no input files
compilation terminated.
configure:4620: $? = 1
configure:4609: g++ -qversion >&5
g++: error: unrecognized command line option '-qversion'; did you mean '--version'?
g++: fatal error: no input files
compilation terminated.
configure:4620: $? = 1
configure:4624: checking whether we are using the GNU C++ compiler
configure:4643: g++ -c   conftest.cpp >&5
configure:4643: $? = 0
configure:4652: result: yes
configure:4661: checking whether g++ accepts -g
configure:4681: g++ -c -g  conftest.cpp >&5
configure:4681: $? = 0
configure:4722: result: yes
configure:4811: checking for gnatbind
configure:4841: result: no
configure:4903: checking for gnatmake
configure:4933: result: no
configure:4952: checking whether compiler driver understands Ada
configure:4975: result: no
configure:4984: checking how to compare bootstrapped objects
configure:5009: result: cmp --ignore-initial=16 $$f1 $$f2
configure:5081: checking for objdir
configure:5096: result: .libs
configure:5645: checking for PWL_handle_timeout in -lpwl
configure:5670: gcc -o conftest -g -O2   conftest.c -lpwl    -lstdc++ -lm >&5
/usr/bin/ld: cannot find -lpwl
collect2: error: ld returned 1 exit status
configure:5670: $? = 1
configure: failed program was:
| /* confdefs.h */
| #define PACKAGE_NAME ""
| #define PACKAGE_TARNAME ""
| #define PACKAGE_VERSION ""
| #define PACKAGE_STRING ""
| #define PACKAGE_BUGREPORT ""
| #define PACKAGE_URL ""
| #define LT_OBJDIR ".libs/"
| /* end confdefs.h.  */
| 
| /* Override any GCC internal prototype to avoid an error.
|    Use char because int might match the return type of a GCC
|    builtin and then its argument prototype would still apply.  */
| #ifdef __cplusplus
| extern "C"
| #endif
| char PWL_handle_timeout ();
| int
| main ()
| {
| return PWL_handle_timeout ();
|   ;
|   return 0;
| }
configure:5679: result: no
configure:5693: checking for version 0.11 (revision 0 or later) of PPL
configure:5710: gcc -c -g -O2    conftest.c >&5
conftest.c:10:10: fatal error: ppl_c.h: No such file or directory
 #include "ppl_c.h"
          ^~~~~~~~~
compilation terminated.
configure:5710: $? = 1
configure: failed program was:
| /* confdefs.h */
| #define PACKAGE_NAME ""
| #define PACKAGE_TARNAME ""
| #define PACKAGE_VERSION ""
| #define PACKAGE_STRING ""
| #define PACKAGE_BUGREPORT ""
| #define PACKAGE_URL ""
| #define LT_OBJDIR ".libs/"
| /* end confdefs.h.  */
| #include "ppl_c.h"
| int
| main ()
| {
| 
|     #if PPL_VERSION_MAJOR != 0 || PPL_VERSION_MINOR < 11
|     choke me
|     #endif
| 
|   ;
|   return 0;
| }
configure:5714: result: no
configure:7012: checking for default BUILD_CONFIG
configure:7044: result: 
configure:7533: checking for bison
configure:7549: found /usr/bin/bison
configure:7560: result: bison -y
configure:7580: checking for bison
configure:7596: found /usr/bin/bison
configure:7607: result: bison
configure:7627: checking for gm4
configure:7657: result: no
configure:7627: checking for gnum4
configure:7657: result: no
configure:7627: checking for m4
configure:7643: found /usr/bin/m4
configure:7654: result: m4
configure:7674: checking for flex
configure:7690: found /usr/bin/flex
configure:7701: result: flex
configure:7722: checking for flex
configure:7738: found /usr/bin/flex
configure:7749: result: flex
configure:7769: checking for makeinfo
configure:7785: found /usr/bin/makeinfo
configure:7796: result: makeinfo
configure:7830: checking for expect
configure:7860: result: no
configure:7879: checking for runtest
configure:7909: result: no
configure:8024: checking for ar
configure:8040: found /usr/bin/ar
configure:8051: result: ar
configure:8165: checking for as
configure:8181: found /usr/bin/as
configure:8192: result: as
configure:8306: checking for dlltool
configure:8336: result: no
configure:8447: checking for ld
configure:8463: found /usr/bin/ld
configure:8474: result: ld
configure:8588: checking for lipo
configure:8618: result: no
configure:8729: checking for nm
configure:8745: found /usr/bin/nm
configure:8756: result: nm
configure:8870: checking for ranlib
configure:8886: found /usr/bin/ranlib
configure:8897: result: ranlib
configure:9006: checking for strip
configure:9022: found /usr/bin/strip
configure:9033: result: strip
configure:9142: checking for windres
configure:9172: result: no
configure:9283: checking for windmc
configure:9313: result: no
configure:9424: checking for objcopy
configure:9440: found /usr/bin/objcopy
configure:9451: result: objcopy
configure:9565: checking for objdump
configure:9581: found /usr/bin/objdump
configure:9592: result: objdump
configure:9706: checking for readelf
configure:9722: found /usr/bin/readelf
configure:9733: result: readelf
configure:9847: checking for petuchpc-elf-cc
configure:9877: result: no
configure:9847: checking for petuchpc-elf-gcc
configure:9877: result: no
configure:10008: checking for petuchpc-elf-c++
configure:10038: result: no
configure:10008: checking for petuchpc-elf-g++
configure:10038: result: no
configure:10008: checking for petuchpc-elf-cxx
configure:10038: result: no
configure:10008: checking for petuchpc-elf-gxx
configure:10038: result: no
configure:10169: checking for petuchpc-elf-gcc
configure:10199: result: no
configure:10325: checking for petuchpc-elf-gcj
configure:10355: result: no
configure:10486: checking for petuchpc-elf-gfortran
configure:10516: result: no
configure:10647: checking for petuchpc-elf-gccgo
configure:10677: result: no
configure:10888: checking for petuchpc-elf-ar
configure:10904: found /usr/local/bin/petuchpc-elf-ar
configure:10915: result: petuchpc-elf-ar
configure:11118: checking for petuchpc-elf-as
configure:11134: found /usr/local/bin/petuchpc-elf-as
configure:11145: result: petuchpc-elf-as
configure:11348: checking for petuchpc-elf-dlltool
configure:11378: result: no
configure:11578: checking for petuchpc-elf-ld
configure:11608: result: no
configure:11808: checking for petuchpc-elf-lipo
configure:11838: result: no
configure:12038: checking for petuchpc-elf-nm
configure:12054: found /usr/local/bin/petuchpc-elf-nm
configure:12065: result: petuchpc-elf-nm
configure:12268: checking for petuchpc-elf-objdump
configure:12284: found /usr/local/bin/petuchpc-elf-objdump
configure:12295: result: petuchpc-elf-objdump
configure:12498: checking for petuchpc-elf-ranlib
configure:12514: found /usr/local/bin/petuchpc-elf-ranlib
configure:12525: result: petuchpc-elf-ranlib
configure:12728: checking for petuchpc-elf-readelf
configure:12744: found /usr/local/bin/petuchpc-elf-readelf
configure:12755: result: petuchpc-elf-readelf
configure:12958: checking for petuchpc-elf-strip
configure:12974: found /usr/local/bin/petuchpc-elf-strip
configure:12985: result: petuchpc-elf-strip
configure:13188: checking for petuchpc-elf-windres
configure:13218: result: no
configure:13418: checking for petuchpc-elf-windmc
configure:13448: result: no
configure:13515: checking where to find the target ar
configure:13538: result: just compiled
configure:13557: checking where to find the target as
configure:13580: result: just compiled
configure:13599: checking where to find the target cc
configure:13636: result: pre-installed
configure:13641: checking where to find the target c++
configure:13681: result: pre-installed
configure:13686: checking where to find the target c++ for libstdc++
configure:13726: result: pre-installed
configure:13731: checking where to find the target dlltool
configure:13754: result: just compiled
configure:13773: checking where to find the target gcc
configure:13810: result: pre-installed
configure:13815: checking where to find the target gcj
configure:13855: result: pre-installed
configure:13860: checking where to find the target gfortran
configure:13900: result: pre-installed
configure:13905: checking where to find the target gccgo
configure:13945: result: pre-installed
configure:13950: checking where to find the target ld
configure:13973: result: just compiled
configure:13992: checking where to find the target lipo
configure:14018: result: pre-installed
configure:14023: checking where to find the target nm
configure:14046: result: just compiled
configure:14065: checking where to find the target objdump
configure:14088: result: just compiled
configure:14107: checking where to find the target ranlib
configure:14130: result: just compiled
configure:14149: checking where to find the target readelf
configure:14172: result: just compiled
configure:14191: checking where to find the target strip
configure:14214: result: just compiled
configure:14233: checking where to find the target windres
configure:14256: result: just compiled
configure:14275: checking where to find the target windmc
configure:14298: result: just compiled
configure:14345: checking whether to enable maintainer-specific portions of Makefiles
configure:14354: result: no
configure:14387: checking whether -fkeep-inline-functions is supported
configure:14406: gcc -c -g -O2 -fkeep-inline-functions  conftest.c >&5
configure:14406: $? = 0
configure:14407: result: yes
configure:14613: creating ./config.status

## ---------------------- ##
## Running config.status. ##
## ---------------------- ##

This file was extended by config.status, which was
generated by GNU Autoconf 2.64.  Invocation command line was

  CONFIG_FILES    = 
  CONFIG_HEADERS  = 
  CONFIG_LINKS    = 
  CONFIG_COMMANDS = 
  $ ./config.status 

on LAPTOP-9150051J

config.status:932: creating Makefile

## ---------------- ##
## Cache variables. ##
## ---------------- ##

ac_cv_build=x86_64-unknown-linux-gnu
ac_cv_c_compiler_gnu=yes
ac_cv_cxx_compiler_gnu=yes
ac_cv_env_AR_FOR_TARGET_set=
ac_cv_env_AR_FOR_TARGET_value=
ac_cv_env_AR_set=
ac_cv_env_AR_value=
ac_cv_env_AS_FOR_TARGET_set=
ac_cv_env_AS_FOR_TARGET_value=
ac_cv_env_AS_set=
ac_cv_env_AS_value=
ac_cv_env_CCC_set=
ac_cv_env_CCC_value=
ac_cv_env_CC_FOR_TARGET_set=
ac_cv_env_CC_FOR_TARGET_value=
ac_cv_env_CC_set=
ac_cv_env_CC_value=
ac_cv_env_CFLAGS_set=
ac_cv_env_CFLAGS_value=
ac_cv_env_CPPFLAGS_set=
ac_cv_env_CPPFLAGS_value=
ac_cv_env_CXXFLAGS_set=
ac_cv_env_CXXFLAGS_value=
ac_cv_env_CXX_FOR_TARGET_set=
ac_cv_env_CXX_FOR_TARGET_value=
ac_cv_env_CXX_set=
ac_cv_env_CXX_value=
ac_cv_env_DLLTOOL_FOR_TARGET_set=
ac_cv_env_DLLTOOL_FOR_TARGET_value=
ac_cv_env_DLLTOOL_set=
ac_cv_env_DLLTOOL_value=
ac_cv_env_GCC_FOR_TARGET_set=
ac_cv_env_GCC_FOR_TARGET_value=
ac_cv_env_GCJ_FOR_TARGET_set=
ac_cv_env_GCJ_FOR_TARGET_value=
ac_cv_env_GFORTRAN_FOR_TARGET_set=
ac_cv_env_GFORTRAN_FOR_TARGET_value=
ac_cv_env_GOC_FOR_TARGET_set=
ac_cv_env_GOC_FOR_TARGET_value=
ac_cv_env_LDFLAGS_set=
ac_cv_env_LDFLAGS_value=
ac_cv_env_LD_FOR_TARGET_set=
ac_cv_env_LD_FOR_TARGET_value=
ac_cv_env_LD_set=
ac_cv_env_LD_value=
ac_cv_env_LIBS_set=
ac_cv_env_LIBS_value=
ac_cv_env_LIPO_FOR_TARGET_set=
ac_cv_env_LIPO_FOR_TARGET_value=
ac_cv_env_LIPO_set=
ac_cv_env_LIPO_value=
ac_cv_env_NM_FOR_TARGET_set=
ac_cv_env_NM_FOR_TARGET_value=
ac_cv_env_NM_set=
ac_cv_env_NM_value=
ac_cv_env_OBJCOPY_set=
ac_cv_env_OBJCOPY_value=
ac_cv_env_OBJDUMP_FOR_TARGET_set=
ac_cv_env_OBJDUMP_FOR_TARGET_value=
ac_cv_env_OBJDUMP_set=
ac_cv_env_OBJDUMP_value=
ac_cv_env_RANLIB_FOR_TARGET_set=
ac_cv_env_RANLIB_FOR_TARGET_value=
ac_cv_env_RANLIB_set=
ac_cv_env_RANLIB_value=
ac_cv_env_READELF_FOR_TARGET_set=
ac_cv_env_READELF_FOR_TARGET_value=
ac_cv_env_READELF_set=
ac_cv_env_READELF_value=
ac_cv_env_STRIP_FOR_TARGET_set=
ac_cv_env_STRIP_FOR_TARGET_value=
ac_cv_env_STRIP_set=
ac_cv_env_STRIP_value=
ac_cv_env_WINDMC_FOR_TARGET_set=
ac_cv_env_WINDMC_FOR_TARGET_value=
ac_cv_env_WINDMC_set=
ac_cv_env_WINDMC_value=
ac_cv_env_WINDRES_FOR_TARGET_set=
ac_cv_env_WINDRES_FOR_TARGET_value=
ac_cv_env_WINDRES_set=
ac_cv_env_WINDRES_value=
ac_cv_env_build_alias_set=
ac_cv_env_build_alias_value=
ac_cv_env_build_configargs_set=
ac_cv_env_build_configargs_value=
ac_cv_env_host_alias_set=
ac_cv_env_host_alias_value=
ac_cv_env_host_configargs_set=
ac_cv_env_host_configargs_value=
ac_cv_env_target_alias_set=set
ac_cv_env_target_alias_value=petuchpc-elf
ac_cv_env_target_configargs_set=
ac_cv_env_target_configargs_value=
ac_cv_host=x86_64-unknown-linux-gnu
ac_cv_lib_pwl_PWL_handle_timeout=no
ac_cv_objext=o
ac_cv_path_SED=/bin/sed
ac_cv_path_install='/usr/bin/install -c'
ac_cv_prog_AR=ar
ac_cv_prog_AR_FOR_TARGET=petuchpc-elf-ar
ac_cv_prog_AS=as
ac_cv_prog_AS_FOR_TARGET=petuchpc-elf-as
ac_cv_prog_AWK=gawk
ac_cv_prog_BISON=bison
ac_cv_prog_FLEX=flex
ac_cv_prog_LD=ld
ac_cv_prog_LEX=flex
ac_cv_prog_M4=m4
ac_cv_prog_MAKEINFO=makeinfo
ac_cv_prog_NM=nm
ac_cv_prog_NM_FOR_TARGET=petuchpc-elf-nm
ac_cv_prog_OBJCOPY=objcopy
ac_cv_prog_OBJDUMP=objdump
ac_cv_prog_OBJDUMP_FOR_TARGET=petuchpc-elf-objdump
ac_cv_prog_RANLIB=ranlib
ac_cv_prog_RANLIB_FOR_TARGET=petuchpc-elf-ranlib
ac_cv_prog_READELF=readelf
ac_cv_prog_READELF_FOR_TARGET=petuchpc-elf-readelf
ac_cv_prog_STRIP=strip
ac_cv_prog_STRIP_FOR_TARGET=petuchpc-elf-strip
ac_cv_prog_YACC='bison -y'
ac_cv_prog_ac_ct_CC=gcc
ac_cv_prog_ac_ct_CXX=g++
ac_cv_prog_cc_c89=
ac_cv_prog_cc_g=yes
ac_cv_prog_cxx_g=yes
ac_cv_target=petuchpc-unknown-elf
acx_cv_cc_gcc_supports_ada=no
acx_cv_prog_LN=ln
gcc_cv_prog_cmp_skip='cmp --ignore-initial=16 $$f1 $$f2'
gcc_cv_tool_dirs=
gcc_cv_tool_prefix=/usr/local
lt_cv_objdir=.libs

## ----------------- ##
## Output variables. ##
## ----------------- ##

AR='ar'
AR_FOR_BUILD='$(AR)'
AR_FOR_TARGET='$$r/$(HOST_SUBDIR)/binutils/ar'
AS='as'
AS_FOR_BUILD='$(AS)'
AS_FOR_TARGET='$$r/$(HOST_SUBDIR)/gas/as-new'
AWK='gawk'
BISON='bison'
BUILD_CONFIG=''
CC='gcc'
CC_FOR_BUILD='$(CC)'
CC_FOR_TARGET='petuchpc-elf-cc'
CFLAGS='-g -O2'
CFLAGS_FOR_BUILD='-g -O2'
CFLAGS_FOR_TARGET='-g -O2'
COMPILER_AS_FOR_TARGET='$(AS_FOR_TARGET)'
COMPILER_LD_FOR_TARGET='$(LD_FOR_TARGET)'
COMPILER_NM_FOR_TARGET='$(NM_FOR_TARGET)'
CONFIGURE_GDB_TK=''
CPPFLAGS=''
CXX='g++'
CXXFLAGS='-g -O2'
CXXFLAGS_FOR_BUILD='-g -O2'
CXXFLAGS_FOR_TARGET='-g -O2'
CXX_FOR_BUILD='$(CXX)'
CXX_FOR_TARGET='petuchpc-elf-c++'
DEBUG_PREFIX_CFLAGS_FOR_TARGET=''
DEFS='-DPACKAGE_NAME=\"\" -DPACKAGE_TARNAME=\"\" -DPACKAGE_VERSION=\"\" -DPACKAGE_STRING=\"\" -DPACKAGE_BUGREPORT=\"\" -DPACKAGE_URL=\"\" -DLT_OBJDIR=\".libs/\"'
DLLTOOL='dlltool'
DLLTOOL_FOR_BUILD='$(DLLTOOL)'
DLLTOOL_FOR_TARGET='$$r/$(HOST_SUBDIR)/binutils/dlltool'
ECHO_C=''
ECHO_N='-n'
ECHO_T=''
EXEEXT=''
EXPECT='expect'
EXTRA_CONFIGARGS_LIBJAVA='--disable-static'
FLAGS_FOR_TARGET=' -L$$r/$(HOST_SUBDIR)/ld'
FLEX='flex'
GCC_FOR_TARGET='petuchpc-elf-gcc'
GCC_SHLIB_SUBDIR=''
GCJ_FOR_BUILD='$(GCJ)'
GCJ_FOR_TARGET='petuchpc-elf-gcj'
GDB_TK=''
GFORTRAN_FOR_BUILD='$(GFORTRAN)'
GFORTRAN_FOR_TARGET='petuchpc-elf-gfortran'
GNATBIND='no'
GNATMAKE='no'
GOC_FOR_BUILD='$(GOC)'
GOC_FOR_TARGET='petuchpc-elf-gccgo'
INSTALL_DATA='${INSTALL} -m 644'
INSTALL_GDB_TK=''
INSTALL_PROGRAM='${INSTALL}'
INSTALL_SCRIPT='${INSTALL}'
LD='ld'
LDFLAGS=''
LDFLAGS_FOR_BUILD=''
LDFLAGS_FOR_TARGET=''
LD_FOR_BUILD='$(LD)'
LD_FOR_TARGET='$$r/$(HOST_SUBDIR)/ld/ld-new'
LEX='flex'
LIBOBJS=''
LIBS=''
LIPO='lipo'
LIPO_FOR_TARGET='petuchpc-elf-lipo'
LN='ln'
LN_S='ln -s'
LTLIBOBJS=''
M4='m4'
MAINT='#'
MAINTAINER_MODE_FALSE=''
MAINTAINER_MODE_TRUE='#'
MAKEINFO='makeinfo'
NM='nm'
NM_FOR_BUILD='$(NM)'
NM_FOR_TARGET='$$r/$(HOST_SUBDIR)/binutils/nm-new'
OBJCOPY='objcopy'
OBJDUMP='objdump'
OBJDUMP_FOR_TARGET='$$r/$(HOST_SUBDIR)/binutils/objdump'
OBJEXT='o'
PACKAGE_BUGREPORT=''
PACKAGE_NAME=''
PACKAGE_STRING=''
PACKAGE_TARNAME=''
PACKAGE_URL=''
PACKAGE_VERSION=''
PATH_SEPARATOR=':'
POSTSTAGE1_CONFIGURE_FLAGS='--enable-build-with-cxx'
RANLIB='ranlib'
RANLIB_FOR_BUILD='$(RANLIB)'
RANLIB_FOR_TARGET='$$r/$(HOST_SUBDIR)/binutils/ranlib'
RAW_CXX_FOR_TARGET='petuchpc-elf-c++'
READELF='readelf'
READELF_FOR_TARGET='$$r/$(HOST_SUBDIR)/binutils/readelf'
RPATH_ENVVAR='LD_LIBRARY_PATH'
RUNTEST='runtest'
SED='/bin/sed'
SHELL='/bin/bash'
STRIP='strip'
STRIP_FOR_TARGET='$$r/$(HOST_SUBDIR)/binutils/strip-new'
SYSROOT_CFLAGS_FOR_TARGET=''
TOPLEVEL_CONFIGURE_ARGUMENTS='./configure --target=petuchpc-elf'
WINDMC='windmc'
WINDMC_FOR_BUILD='$(WINDMC)'
WINDMC_FOR_TARGET='$$r/$(HOST_SUBDIR)/binutils/windmc'
WINDRES='windres'
WINDRES_FOR_BUILD='$(WINDRES)'
WINDRES_FOR_TARGET='$$r/$(HOST_SUBDIR)/binutils/windres'
YACC='bison -y'
ac_ct_CC='gcc'
ac_ct_CXX='g++'
bindir='${exec_prefix}/bin'
build='x86_64-unknown-linux-gnu'
build_alias=''
build_configargs=' --cache-file=../config.cache  --program-transform-name='\''s&^&petuchpc-elf-&'\'' --disable-option-checking'
build_configdirs=' libiberty'
build_cpu='x86_64'
build_libsubdir='build-x86_64-unknown-linux-gnu'
build_noncanonical='x86_64-unknown-linux-gnu'
build_os='linux-gnu'
build_subdir='build-x86_64-unknown-linux-gnu'
build_tooldir='${exec_prefix}/petuchpc-elf'
build_vendor='unknown'
clooginc=''
clooglibs=''
compare_exclusions='gcc/cc*-checksum$(objext) | gcc/ada/*tools/*'
configdirs=' intl libiberty opcodes bfd binutils gas ld etc'
datadir='${datarootdir}'
datarootdir='${prefix}/share'
do_compare='cmp --ignore-initial=16 $$f1 $$f2'
docdir='${datarootdir}/doc/${PACKAGE}'
dvidir='${docdir}'
exec_prefix='${prefix}'
extra_host_libiberty_configure_flags=''
extra_mpc_gmp_configure_flags=''
extra_mpc_mpfr_configure_flags=''
extra_mpfr_configure_flags=''
gmpinc=''
gmplibs='-lmpc -lmpfr -lgmp'
host='x86_64-unknown-linux-gnu'
host_alias=''
host_configargs=' --cache-file=./config.cache  --with-gnu-as --with-gnu-ld --with-system-zlib  --program-transform-name='\''s&^&petuchpc-elf-&'\'' --disable-option-checking'
host_cpu='x86_64'
host_noncanonical='x86_64-unknown-linux-gnu'
host_os='linux-gnu'
host_subdir='.'
host_vendor='unknown'
htmldir='${docdir}'
includedir='${prefix}/include'
infodir='${datarootdir}/info'
libdir='${exec_prefix}/lib'
libexecdir='${exec_prefix}/libexec'
localedir='${datarootdir}/locale'
localstatedir='${prefix}/var'
mandir='${datarootdir}/man'
oldincludedir='/usr/include'
pdfdir='${docdir}'
poststage1_ldflags='-static-libstdc++ -static-libgcc'
poststage1_libs=''
pplinc=''
ppllibs=''
prefix='/usr/local'
program_transform_name='s&^&petuchpc-elf-&'
psdir='${docdir}'
sbindir='${exec_prefix}/sbin'
sharedstatedir='${prefix}/com'
stage1_cflags='-g -fkeep-inline-functions'
stage1_checking='--enable-checking=yes,types'
stage1_languages=',c,'
stage1_ldflags=''
stage1_libs=''
stage2_werror_flag=''
sysconfdir='${prefix}/etc'
target='petuchpc-unknown-elf'
target_alias='petuchpc-elf'
target_configargs='--cache-file=./config.cache --enable-multilib --with-cross-host=x86_64-unknown-linux-gnu   --program-transform-name='\''s&^&petuchpc-elf-&'\'' --disable-option-checking'
target_configdirs=''
target_cpu='petuchpc'
target_noncanonical='petuchpc-elf'
target_os='elf'
target_subdir='petuchpc-elf'
target_vendor='unknown'
tooldir='${exec_prefix}/petuchpc-elf'

## ------------------- ##
## File substitutions. ##
## ------------------- ##

alphaieee_frag='/dev/null'
host_makefile_frag='/dev/null'
ospace_frag='/dev/null'
serialization_dependencies='serdep.tmp'
target_makefile_frag='/dev/null'

## ----------- ##
## confdefs.h. ##
## ----------- ##

/* confdefs.h */
#define PACKAGE_NAME ""
#define PACKAGE_TARNAME ""
#define PACKAGE_VERSION ""
#define PACKAGE_STRING ""
#define PACKAGE_BUGREPORT ""
#define PACKAGE_URL ""
#define LT_OBJDIR ".libs/"

configure: exit 0
